<?xml version="1.0" encoding="UTF-8"?>
<!-- Generated by org.testng.reporters.JUnitReportReporter -->
<testsuite skipped="0" hostname="197NODMB22153-2.local" name="qaclickacademy.restTest" tests="1" failures="0" timestamp="16 May 2020 18:52:00 GMT" time="0.003" errors="0">
  <testcase name="browserautomation" time="0.003" classname="qaclickacademy.restTest"/>
</testsuite> <!-- qaclickacademy.restTest -->
