<?xml version="1.0" encoding="UTF-8"?>
<!-- Generated by org.testng.reporters.JUnitReportReporter -->
<testsuite skipped="0" hostname="197NODMB22153-2.local" name="qaclickacademy.appiumTest" tests="2" failures="0" timestamp="16 May 2020 18:52:25 GMT" time="0.011" errors="0">
  <testcase name="app" time="0.010" classname="qaclickacademy.appiumTest"/>
  <testcase name="app1" time="0.001" classname="qaclickacademy.appiumTest"/>
</testsuite> <!-- qaclickacademy.appiumTest -->
