<?xml version="1.0" encoding="UTF-8"?>
<!-- Generated by org.testng.reporters.JUnitReportReporter -->
<testsuite skipped="0" hostname="197NODMB22153-2.local" name="qaclickacademy.seleniumTest" tests="2" failures="0" timestamp="16 May 2020 18:52:00 GMT" time="0.002" errors="0">
  <testcase name="web" time="0.001" classname="qaclickacademy.seleniumTest"/>
  <testcase name="web1" time="0.001" classname="qaclickacademy.seleniumTest"/>
</testsuite> <!-- qaclickacademy.seleniumTest -->
